Compiling file1.c
Compiling file2.c
Compiling file3.c
Compiling file4.c
Compiling file5.c
Compiling file6.c
Compiling file7.c
Compiling file8.c
Compiling file9.c
Compiling file10.c
Compiling file11.c
Compiling file12.c
Compiling file13.c
Compiling file14.c
Compiling file15.c
Compiling file16.c
Compiling file17.c
Compiling file18.c
Compiling file19.c
Compiling file20.c
Compiling file21.c
Compiling file22.c
Compiling file23.c
Compiling file24.c
Compiling file25.c
Compiling file26.c
Compiling file27.c
Compiling file28.c
Compiling file29.c
Compiling file30.c
Compiling file31.c
Compiling file32.c
Compiling file33.c
Compiling file34.c
Compiling file35.c
Compiling file36.c
Compiling file37.c
Compiling file38.c
Compiling file39.c
Compiling file40.c
Compiling file41.c
Compiling file42.c
Compiling file43.c
Compiling file44.c
Compiling file45.c
Compiling file46.c
Compiling file47.c
Compiling file48.c
Compiling file49.c
Compiling file50.c
Compiling file51.c
Compiling file52.c
Compiling file53.c
Compiling file54.c
Compiling file55.c
Compiling file56.c
Compiling file57.c
Compiling file58.c
Compiling file59.c
Compiling file60.c
Compiling file61.c
Compiling file62.c
Compiling file63.c
Compiling file64.c
Compiling file65.c
Compiling file66.c
Compiling file67.c
Compiling file68.c
Compiling file69.c
Compiling file70.c
Compiling file71.c
Compiling file72.c
Compiling file73.c
Compiling file74.c
Compiling file75.c
Compiling file76.c
Compiling file77.c
Compiling file78.c
Compiling file79.c
Compiling file80.c
Compiling file81.c
Compiling file82.c
Compiling file83.c
Compiling file84.c
Compiling file85.c
Compiling file86.c
Compiling file87.c
Compiling file88.c
Compiling file89.c
Compiling file90.c
Compiling file91.c
Compiling file92.c
Compiling file93.c
Compiling file94.c
Compiling file95.c
Compiling file96.c
Compiling file97.c
Compiling file98.c
Compiling file99.c
Compiling file100.c
Compiling file101.c
Compiling file102.c
Compiling file103.c
Compiling file104.c
Compiling file105.c
Compiling file106.c
Compiling file107.c
Compiling file108.c
Compiling file109.c
Compiling file110.c
Compiling file111.c
Compiling file112.c
Compiling file113.c
Compiling file114.c
Compiling file115.c
Compiling file116.c
Compiling file117.c
Compiling file118.c
Compiling file119.c
Compiling file120.c
Compiling file121.c
Compiling file122.c
Compiling file123.c
Compiling file124.c
Compiling file125.c
Compiling file126.c
Compiling file127.c
Compiling file128.c
Compiling file129.c
Compiling file130.c
Compiling file131.c
Compiling file132.c
Compiling file133.c
Compiling file134.c
Compiling file135.c
Compiling file136.c
Compiling file137.c
Compiling file138.c
Compiling file139.c
Compiling file140.c
Compiling file141.c
Compiling file142.c
Compiling file143.c
Compiling file144.c
Compiling file145.c
Compiling file146.c
Compiling file147.c
Compiling file148.c
Compiling file149.c
Compiling file150.c
Compiling file151.c
Compiling file152.c
Compiling file153.c
Compiling file154.c
Compiling file155.c
Compiling file156.c
Compiling file157.c
Compiling file158.c
Compiling file159.c
Compiling file160.c
Compiling file161.c
Compiling file162.c
Compiling file163.c
Compiling file164.c
Compiling file165.c
Compiling file166.c
Compiling file167.c
file167.c:1:10: fatal error: iostream: No such file or directory
    1 | #include <iostream>
      |          ^~~~~~~~~~
compilation terminated.
Compiling file168.c
Compiling file169.c
Compiling file170.c
Compiling file171.c
Compiling file172.c
Compiling file173.c
Compiling file174.c
Compiling file175.c
Compiling file176.c
Compiling file177.c
Compiling file178.c
Compiling file179.c
Compiling file180.c
Compiling file181.c
Compiling file182.c
Compiling file183.c
Compiling file184.c
Compiling file185.c
Compiling file186.c
Compiling file187.c
Compiling file188.c
Compiling file189.c
Compiling file190.c
Compiling file191.c
Compiling file192.c
Compiling file193.c
Compiling file194.c
Compiling file195.c
Compiling file196.c
Compiling file197.c
Compiling file198.c
Compiling file199.c
Compiling file200.c
Compiling file201.c
Compiling file202.c
Compiling file203.c
Compiling file204.c
Compiling file205.c
Compiling file206.c
Compiling file207.c
Compiling file208.c
Compiling file209.c
Compiling file210.c
Compiling file211.c
Compiling file212.c
Compiling file213.c
Compiling file214.c
Compiling file215.c
Compiling file216.c
Compiling file217.c
Compiling file218.c
Compiling file219.c
Compiling file220.c
Compiling file221.c
Compiling file222.c
Compiling file223.c
Compiling file224.c
Compiling file225.c
Compiling file226.c
Compiling file227.c
Compiling file228.c
Compiling file229.c
Compiling file230.c
Compiling file231.c
Compiling file232.c
Compiling file233.c
Compiling file234.c
Compiling file235.c
Compiling file236.c
Compiling file237.c
Compiling file238.c
Compiling file239.c
Compiling file240.c
Compiling file241.c
Compiling file242.c
Compiling file243.c
Compiling file244.c
Compiling file245.c
Compiling file246.c
Compiling file247.c
Compiling file248.c
Compiling file249.c
Compiling file250.c
Compiling file251.c
Compiling file252.c
Compiling file253.c
Compiling file254.c
Compiling file255.c
Compiling file256.c
Compiling file257.c
Compiling file258.c
Compiling file259.c
Compiling file260.c
Compiling file261.c
Compiling file262.c
Compiling file263.c
Compiling file264.c
Compiling file265.c
Compiling file266.c
Compiling file267.c
Compiling file268.c
Compiling file269.c
Compiling file270.c
Compiling file271.c
Compiling file272.c
Compiling file273.c
Compiling file274.c
Compiling file275.c
Compiling file276.c
Compiling file277.c
Compiling file278.c
Compiling file279.c
Compiling file280.c
Compiling file281.c
Compiling file282.c
Compiling file283.c
Compiling file284.c
Compiling file285.c
Compiling file286.c
Compiling file287.c
Compiling file288.c
Compiling file289.c
Compiling file290.c
Compiling file291.c
Compiling file292.c
Compiling file293.c
Compiling file294.c
Compiling file295.c
Compiling file296.c
Compiling file297.c
Compiling file298.c
Compiling file299.c
Compiling file300.c
Compiling file301.c
Compiling file302.c
Compiling file303.c
Compiling file304.c
Compiling file305.c
Compiling file306.c
Compiling file307.c
Compiling file308.c
Compiling file309.c
Compiling file310.c
Compiling file311.c
Compiling file312.c
Compiling file313.c
Compiling file314.c
Compiling file315.c
Compiling file316.c
Compiling file317.c
Compiling file318.c
Compiling file319.c
Compiling file320.c
Compiling file321.c
Compiling file322.c
Compiling file323.c
Compiling file324.c
Compiling file325.c
Compiling file326.c
Compiling file327.c
Compiling file328.c
Compiling file329.c
Compiling file330.c
Compiling file331.c
Compiling file332.c
Compiling file333.c
Compiling file334.c
Compiling file335.c
Compiling file336.c
Compiling file337.c
Compiling file338.c
Compiling file339.c
Compiling file340.c
Compiling file341.c
Compiling file342.c
Compiling file343.c
Compiling file344.c
Compiling file345.c
Compiling file346.c
Compiling file347.c
Compiling file348.c
Compiling file349.c
Compiling file350.c
Compiling file351.c
Compiling file352.c
Compiling file353.c
Compiling file354.c
Compiling file355.c
Compiling file356.c
Compiling file357.c
Compiling file358.c
Compiling file359.c
Compiling file360.c
Compiling file361.c
Compiling file362.c
Compiling file363.c
Compiling file364.c
Compiling file365.c
Compiling file366.c
Compiling file367.c
Compiling file368.c
Compiling file369.c
Compiling file370.c
Compiling file371.c
Compiling file372.c
Compiling file373.c
Compiling file374.c
Compiling file375.c
Compiling file376.c
Compiling file377.c
Compiling file378.c
Compiling file379.c
Compiling file380.c
Compiling file381.c
Compiling file382.c
Compiling file383.c
Compiling file384.c
Compiling file385.c
Compiling file386.c
Compiling file387.c
Compiling file388.c
Compiling file389.c
Compiling file390.c
Compiling file391.c
Compiling file392.c
Compiling file393.c
Compiling file394.c
Compiling file395.c
Compiling file396.c
Compiling file397.c
Compiling file398.c
Compiling file399.c
Compiling file400.c
Compiling file401.c
Compiling file402.c
Compiling file403.c
Compiling file404.c
Compiling file405.c
Compiling file406.c
Compiling file407.c
Compiling file408.c
Compiling file409.c
Compiling file410.c
Compiling file411.c
Compiling file412.c
Compiling file413.c
Compiling file414.c
Compiling file415.c
Compiling file416.c
Compiling file417.c
Compiling file418.c
Compiling file419.c
Compiling file420.c
Compiling file421.c
Compiling file422.c
Compiling file423.c
file423.c:1:1: error: expected identifier or '(' before numeric constant
    1 | 1/0
      | ^
Compiling file424.c
Compiling file425.c
Compiling file426.c
Compiling file427.c
Compiling file428.c
Compiling file429.c
Compiling file430.c
Compiling file431.c
Compiling file432.c
Compiling file433.c
Compiling file434.c
Compiling file435.c
Compiling file436.c
Compiling file437.c
Compiling file438.c
Compiling file439.c
Compiling file440.c
Compiling file441.c
Compiling file442.c
Compiling file443.c
Compiling file444.c
Compiling file445.c
Compiling file446.c
Compiling file447.c
Compiling file448.c
Compiling file449.c
Compiling file450.c
Compiling file451.c
Compiling file452.c
Compiling file453.c
Compiling file454.c
Compiling file455.c
Compiling file456.c
Compiling file457.c
Compiling file458.c
Compiling file459.c
Compiling file460.c
Compiling file461.c
Compiling file462.c
Compiling file463.c
Compiling file464.c
Compiling file465.c
Compiling file466.c
Compiling file467.c
Compiling file468.c
Compiling file469.c
Compiling file470.c
Compiling file471.c
Compiling file472.c
Compiling file473.c
Compiling file474.c
Compiling file475.c
Compiling file476.c
Compiling file477.c
Compiling file478.c
Compiling file479.c
Compiling file480.c
Compiling file481.c
Compiling file482.c
Compiling file483.c
Compiling file484.c
Compiling file485.c
Compiling file486.c
Compiling file487.c
Compiling file488.c
Compiling file489.c
Compiling file490.c
Compiling file491.c
Compiling file492.c
Compiling file493.c
Compiling file494.c
Compiling file495.c
Compiling file496.c
Compiling file497.c
Compiling file498.c
Compiling file499.c
Compiling file500.c
Compiling file501.c
Compiling file502.c
Compiling file503.c
Compiling file504.c
Compiling file505.c
Compiling file506.c
Compiling file507.c
Compiling file508.c
Compiling file509.c
Compiling file510.c
Compiling file511.c
Compiling file512.c
Compiling file513.c
Compiling file514.c
Compiling file515.c
Compiling file516.c
Compiling file517.c
Compiling file518.c
Compiling file519.c
Compiling file520.c
Compiling file521.c
Compiling file522.c
Compiling file523.c
Compiling file524.c
Compiling file525.c
Compiling file526.c
Compiling file527.c
Compiling file528.c
Compiling file529.c
Compiling file530.c
Compiling file531.c
Compiling file532.c
Compiling file533.c
Compiling file534.c
Compiling file535.c
Compiling file536.c
Compiling file537.c
Compiling file538.c
Compiling file539.c
Compiling file540.c
Compiling file541.c
Compiling file542.c
Compiling file543.c
Compiling file544.c
Compiling file545.c
Compiling file546.c
Compiling file547.c
Compiling file548.c
Compiling file549.c
Compiling file550.c
Compiling file551.c
Compiling file552.c
Compiling file553.c
Compiling file554.c
Compiling file555.c
Compiling file556.c
Compiling file557.c
Compiling file558.c
Compiling file559.c
Compiling file560.c
Compiling file561.c
Compiling file562.c
Compiling file563.c
Compiling file564.c
Compiling file565.c
Compiling file566.c
Compiling file567.c
Compiling file568.c
Compiling file569.c
Compiling file570.c
Compiling file571.c
Compiling file572.c
Compiling file573.c
Compiling file574.c
Compiling file575.c
Compiling file576.c
Compiling file577.c
Compiling file578.c
Compiling file579.c
Compiling file580.c
Compiling file581.c
Compiling file582.c
Compiling file583.c
Compiling file584.c
Compiling file585.c
Compiling file586.c
Compiling file587.c
Compiling file588.c
Compiling file589.c
Compiling file590.c
Compiling file591.c
Compiling file592.c
Compiling file593.c
Compiling file594.c
Compiling file595.c
Compiling file596.c
Compiling file597.c
Compiling file598.c
Compiling file599.c
Compiling file600.c
Compiling file601.c
Compiling file602.c
Compiling file603.c
Compiling file604.c
Compiling file605.c
Compiling file606.c
Compiling file607.c
Compiling file608.c
Compiling file609.c
Compiling file610.c
Compiling file611.c
Compiling file612.c
Compiling file613.c
Compiling file614.c
Compiling file615.c
Compiling file616.c
Compiling file617.c
Compiling file618.c
Compiling file619.c
Compiling file620.c
Compiling file621.c
Compiling file622.c
Compiling file623.c
Compiling file624.c
Compiling file625.c
Compiling file626.c
Compiling file627.c
Compiling file628.c
Compiling file629.c
Compiling file630.c
Compiling file631.c
Compiling file632.c
Compiling file633.c
Compiling file634.c
Compiling file635.c
Compiling file636.c
Compiling file637.c
Compiling file638.c
Compiling file639.c
Compiling file640.c
Compiling file641.c
Compiling file642.c
Compiling file643.c
Compiling file644.c
Compiling file645.c
Compiling file646.c
Compiling file647.c
Compiling file648.c
Compiling file649.c
Compiling file650.c
Compiling file651.c
Compiling file652.c
Compiling file653.c
Compiling file654.c
Compiling file655.c
Compiling file656.c
Compiling file657.c
Compiling file658.c
Compiling file659.c
Compiling file660.c
Compiling file661.c
Compiling file662.c
Compiling file663.c
Compiling file664.c
Compiling file665.c
Compiling file666.c
Compiling file667.c
Compiling file668.c
Compiling file669.c
Compiling file670.c
Compiling file671.c
Compiling file672.c
Compiling file673.c
Compiling file674.c
Compiling file675.c
Compiling file676.c
Compiling file677.c
Compiling file678.c
Compiling file679.c
Compiling file680.c
Compiling file681.c
Compiling file682.c
Compiling file683.c
Compiling file684.c
Compiling file685.c
Compiling file686.c
Compiling file687.c
Compiling file688.c
Compiling file689.c
Compiling file690.c
Compiling file691.c
Compiling file692.c
Compiling file693.c
Compiling file694.c
Compiling file695.c
Compiling file696.c
Compiling file697.c
Compiling file698.c
Compiling file699.c
Compiling file700.c
Compiling file701.c
Compiling file702.c
Compiling file703.c
Compiling file704.c
Compiling file705.c
Compiling file706.c
Compiling file707.c
Compiling file708.c
Compiling file709.c
Compiling file710.c
Compiling file711.c
Compiling file712.c
Compiling file713.c
Compiling file714.c
Compiling file715.c
Compiling file716.c
Compiling file717.c
Compiling file718.c
Compiling file719.c
Compiling file720.c
Compiling file721.c
Compiling file722.c
Compiling file723.c
Compiling file724.c
Compiling file725.c
Compiling file726.c
Compiling file727.c
Compiling file728.c
Compiling file729.c
Compiling file730.c
Compiling file731.c
Compiling file732.c
Compiling file733.c
Compiling file734.c
Compiling file735.c
Compiling file736.c
Compiling file737.c
Compiling file738.c
Compiling file739.c
Compiling file740.c
Compiling file741.c
Compiling file742.c
Compiling file743.c
Compiling file744.c
Compiling file745.c
Compiling file746.c
Compiling file747.c
Compiling file748.c
Compiling file749.c
Compiling file750.c
Compiling file751.c
Compiling file752.c
Compiling file753.c
Compiling file754.c
Compiling file755.c
Compiling file756.c
Compiling file757.c
Compiling file758.c
Compiling file759.c
Compiling file760.c
Compiling file761.c
Compiling file762.c
Compiling file763.c
Compiling file764.c
Compiling file765.c
Compiling file766.c
Compiling file767.c
Compiling file768.c
Compiling file769.c
Compiling file770.c
Compiling file771.c
Compiling file772.c
Compiling file773.c
Compiling file774.c
Compiling file775.c
Compiling file776.c
Compiling file777.c
Compiling file778.c
Compiling file779.c
Compiling file780.c
Compiling file781.c
Compiling file782.c
Compiling file783.c
Compiling file784.c
Compiling file785.c
Compiling file786.c
Compiling file787.c
Compiling file788.c
Compiling file789.c
Compiling file790.c
Compiling file791.c
Compiling file792.c
Compiling file793.c
Compiling file794.c
Compiling file795.c
Compiling file796.c
Compiling file797.c
Compiling file798.c
Compiling file799.c
Compiling file800.c
Compiling file801.c
Compiling file802.c
Compiling file803.c
Compiling file804.c
Compiling file805.c
Compiling file806.c
Compiling file807.c
Compiling file808.c
Compiling file809.c
Compiling file810.c
Compiling file811.c
Compiling file812.c
Compiling file813.c
Compiling file814.c
Compiling file815.c
Compiling file816.c
Compiling file817.c
Compiling file818.c
Compiling file819.c
Compiling file820.c
Compiling file821.c
Compiling file822.c
Compiling file823.c
Compiling file824.c
Compiling file825.c
Compiling file826.c
Compiling file827.c
Compiling file828.c
Compiling file829.c
Compiling file830.c
Compiling file831.c
Compiling file832.c
Compiling file833.c
Compiling file834.c
Compiling file835.c
Compiling file836.c
Compiling file837.c
Compiling file838.c
Compiling file839.c
Compiling file840.c
Compiling file841.c
Compiling file842.c
Compiling file843.c
Compiling file844.c
Compiling file845.c
Compiling file846.c
Compiling file847.c
Compiling file848.c
Compiling file849.c
Compiling file850.c
Compiling file851.c
Compiling file852.c
Compiling file853.c
Compiling file854.c
Compiling file855.c
Compiling file856.c
Compiling file857.c
Compiling file858.c
Compiling file859.c
Compiling file860.c
Compiling file861.c
Compiling file862.c
Compiling file863.c
Compiling file864.c
Compiling file865.c
Compiling file866.c
Compiling file867.c
Compiling file868.c
Compiling file869.c
Compiling file870.c
Compiling file871.c
Compiling file872.c
Compiling file873.c
Compiling file874.c
Compiling file875.c
Compiling file876.c
Compiling file877.c
Compiling file878.c
Compiling file879.c
Compiling file880.c
Compiling file881.c
Compiling file882.c
Compiling file883.c
Compiling file884.c
Compiling file885.c
Compiling file886.c
Compiling file887.c
Compiling file888.c
Compiling file889.c
Compiling file890.c
Compiling file891.c
Compiling file892.c
Compiling file893.c
Compiling file894.c
Compiling file895.c
Compiling file896.c
Compiling file897.c
Compiling file898.c
Compiling file899.c
Compiling file900.c
Compiling file901.c
Compiling file902.c
Compiling file903.c
Compiling file904.c
Compiling file905.c
Compiling file906.c
Compiling file907.c
Compiling file908.c
Compiling file909.c
Compiling file910.c
Compiling file911.c
Compiling file912.c
Compiling file913.c
Compiling file914.c
Compiling file915.c
Compiling file916.c
Compiling file917.c
Compiling file918.c
Compiling file919.c
Compiling file920.c
Compiling file921.c
Compiling file922.c
Compiling file923.c
Compiling file924.c
Compiling file925.c
Compiling file926.c
Compiling file927.c
Compiling file928.c
Compiling file929.c
Compiling file930.c
Compiling file931.c
Compiling file932.c
Compiling file933.c
Compiling file934.c
Compiling file935.c
Compiling file936.c
Compiling file937.c
Compiling file938.c
Compiling file939.c
Compiling file940.c
Compiling file941.c
Compiling file942.c
Compiling file943.c
Compiling file944.c
Compiling file945.c
Compiling file946.c
Compiling file947.c
Compiling file948.c
Compiling file949.c
Compiling file950.c
Compiling file951.c
Compiling file952.c
Compiling file953.c
Compiling file954.c
Compiling file955.c
Compiling file956.c
Compiling file957.c
Compiling file958.c
Compiling file959.c
Compiling file960.c
Compiling file961.c
Compiling file962.c
Compiling file963.c
Compiling file964.c
Compiling file965.c
Compiling file966.c
Compiling file967.c
Compiling file968.c
Compiling file969.c
Compiling file970.c
Compiling file971.c
Compiling file972.c
Compiling file973.c
Compiling file974.c
Compiling file975.c
Compiling file976.c
Compiling file977.c
Compiling file978.c
Compiling file979.c
Compiling file980.c
Compiling file981.c
Compiling file982.c
Compiling file983.c
Compiling file984.c
Compiling file985.c
Compiling file986.c
Compiling file987.c
Compiling file988.c
Compiling file989.c
Compiling file990.c
Compiling file991.c
Compiling file992.c
Compiling file993.c
Compiling file994.c
Compiling file995.c
Compiling file996.c
Compiling file997.c
Compiling file998.c
Compiling file999.c
Compiling file1000.c
